<?xml version="1.0" encoding="UTF-8"?>
<!-- Generated by org.testng.reporters.JUnitXMLReporter -->
<testsuite ignored="0" hostname="DESKTOP-RSTR5O7" failures="0" tests="8" name="Default test" time="16.512" errors="0" timestamp="2022-12-25T16:14:09 IST">
  <testcase classname="api.test.DDTests" name="testPostuser" time="4.229"/>
  <testcase classname="api.test.DDTests" name="testPostuser" time="1.27"/>
  <testcase classname="api.test.DDTests" name="testPostuser" time="1.24"/>
  <testcase classname="api.test.DDTests" name="testPostuser" time="1.279"/>
  <testcase classname="api.test.DDTests" name="testDeleteUserByName" time="1.34"/>
  <testcase classname="api.test.DDTests" name="testDeleteUserByName" time="1.244"/>
  <testcase classname="api.test.DDTests" name="testDeleteUserByName" time="1.294"/>
  <testcase classname="api.test.DDTests" name="testDeleteUserByName" time="1.257"/>
</testsuite> <!-- Default test -->
