<?xml version="1.0" encoding="UTF-8"?>
<!-- Generated by org.testng.reporters.JUnitXMLReporter -->
<testsuite ignored="0" hostname="DESKTOP-RSTR5O7" failures="0" tests="4" name="PetTests" time="10.538" errors="0" timestamp="2022-12-25T18:32:13 IST">
  <testcase classname="api.test.UserTests2" name="testPostUser" time="3.918"/>
  <testcase classname="api.test.UserTests2" name="testGetUserByName" time="1.354"/>
  <testcase classname="api.test.UserTests2" name="testUpdateUserByName" time="2.587"/>
  <testcase classname="api.test.UserTests2" name="testDeleteUserByName" time="1.272"/>
</testsuite> <!-- PetTests -->
