<?xml version="1.0" encoding="UTF-8"?>
<!-- Generated by org.testng.reporters.JUnitXMLReporter -->
<testsuite ignored="0" hostname="DESKTOP-RSTR5O7" failures="0" tests="8" name="PetTests" time="16.632" errors="0" timestamp="2022-12-25T10:55:13 IST">
  <testcase classname="api.test.DDTests" name="testPostuser" time="4.232"/>
  <testcase classname="api.test.DDTests" name="testPostuser" time="1.311"/>
  <testcase classname="api.test.DDTests" name="testPostuser" time="1.296"/>
  <testcase classname="api.test.DDTests" name="testPostuser" time="1.268"/>
  <testcase classname="api.test.DDTests" name="testDeleteUserByName" time="1.302"/>
  <testcase classname="api.test.DDTests" name="testDeleteUserByName" time="1.301"/>
  <testcase classname="api.test.DDTests" name="testDeleteUserByName" time="1.256"/>
  <testcase classname="api.test.DDTests" name="testDeleteUserByName" time="1.279"/>
</testsuite> <!-- PetTests -->
